#
# There is insufficient memory for the Java Runtime Environment to continue.
# Native memory allocation (mmap) failed to map 465653760 bytes for committing reserved memory.
# Possible reasons:
#   The system is out of physical RAM or swap space
#   The process is running with CompressedOops enabled, and the Java Heap may be blocking the growth of the native heap
# Possible solutions:
#   Reduce memory load on the system
#   Increase physical memory or swap space
#   Check if swap backing store is full
#   Decrease Java heap size (-Xmx/-Xms)
#   Decrease number of Java threads
#   Decrease Java thread stack sizes (-Xss)
#   Set larger code cache with -XX:ReservedCodeCacheSize=
#   JVM is running with Unscaled Compressed Oops mode in which the Java heap is
#     placed in the first 4GB address space. The Java Heap base address is the
#     maximum limit for the native heap growth. Please use -XX:HeapBaseMinAddress
#     to set the Java Heap base and to place the Java Heap above 4GB virtual address.
# This output file may be truncated or incomplete.
#
#  Out of Memory Error (os_linux.cpp:2839), pid=28181, tid=28205
#
# JRE version: OpenJDK Runtime Environment (11.0.5+10) (build 11.0.5+10-post-Ubuntu-0ubuntu1.118.04)
# Java VM: OpenJDK 64-Bit Server VM (11.0.5+10-post-Ubuntu-0ubuntu1.118.04, mixed mode, sharing, tiered, compressed oops, serial gc, linux-amd64)
# Core dump will be written. Default location: Core dumps may be processed with "/usr/share/apport/apport %p %s %c %d %P" (or dumping to /home/cis455/git/G13/Crawler/core.28181)
#

---------------  S U M M A R Y ------------

Command Line: -Dclassworlds.conf=/usr/share/maven/bin/m2.conf -Dmaven.home=/usr/share/maven -Dlibrary.jansi.path=/usr/share/maven/lib/jansi-native -Dmaven.multiModuleProjectDirectory=/home/cis455/git/G13/Crawler -Xmx2048m org.codehaus.plexus.classworlds.launcher.Launcher exec:java@Crawler -Dexec.args=https://www.cnn.com/  /home/cis455/git/G13/Crawler/berkeleydb2 10 10000

Host: Intel(R) Core(TM) i5-5257U CPU @ 2.70GHz, 1 cores, 2G, Ubuntu 18.04.3 LTS
Time: Mon Apr 27 00:34:35 2020 EDT elapsed time: 433 seconds (0d 0h 7m 13s)

---------------  T H R E A D  ---------------

Current thread (0x00007f16c804d000):  VMThread "VM Thread" [stack: 0x00007f16cd569000,0x00007f16cd669000] [id=28205]

Stack: [0x00007f16cd569000,0x00007f16cd669000],  sp=0x00007f16cd6671a0,  free space=1016k
Native frames: (J=compiled Java code, A=aot compiled Java code, j=interpreted, Vv=VM code, C=native code)
V  [libjvm.so+0xdec067]
V  [libjvm.so+0xdeccbb]
V  [libjvm.so+0x64fc15]
V  [libjvm.so+0xbc7682]
V  [libjvm.so+0xbbee2f]
V  [libjvm.so+0xde3897]
V  [libjvm.so+0x515691]
V  [libjvm.so+0x515834]
V  [libjvm.so+0xd73897]
V  [libjvm.so+0x515fd9]
V  [libjvm.so+0x7ada20]
V  [libjvm.so+0x7ae698]
V  [libjvm.so+0xdee04f]
V  [libjvm.so+0xdf68c8]
V  [libjvm.so+0xdf4106]
V  [libjvm.so+0xdf4610]
V  [libjvm.so+0xdf4a43]
V  [libjvm.so+0xd7ba0a]
V  [libjvm.so+0xbcd3ce]

VM_Operation (0x00007f1692bcefa0): GenCollectForAllocation, mode: safepoint, requested by thread 0x00007f16ac016800


---------------  P R O C E S S  ---------------

Threads class SMR info:
_java_thread_list=0x00007f169800a040, length=20, elements={
0x00007f16c8014800, 0x00007f16c8050000, 0x00007f16c8052000, 0x00007f16c8058000,
0x00007f16c805a000, 0x00007f16c805c000, 0x00007f16c805e000, 0x00007f16c8099000,
0x00007f16c80a2800, 0x00007f16c89a7800, 0x00007f16a05b3800, 0x00007f16a05b4800,
0x00007f16a05b5000, 0x00007f16a110b000, 0x00007f16ac009000, 0x00007f16ac00b800,
0x00007f16ac014800, 0x00007f16ac016800, 0x00007f16ac018800, 0x00007f1698007800
}

Java Threads: ( => current thread )
  0x00007f16c8014800 JavaThread "main" [_thread_blocked, id=28204, stack(0x00007f16d24ab000,0x00007f16d25ac000)]
  0x00007f16c8050000 JavaThread "Reference Handler" daemon [_thread_blocked, id=28206, stack(0x00007f16cd466000,0x00007f16cd567000)]
  0x00007f16c8052000 JavaThread "Finalizer" daemon [_thread_blocked, id=28207, stack(0x00007f16cd365000,0x00007f16cd466000)]
  0x00007f16c8058000 JavaThread "Signal Dispatcher" daemon [_thread_blocked, id=28208, stack(0x00007f16ccf86000,0x00007f16cd087000)]
  0x00007f16c805a000 JavaThread "C2 CompilerThread0" daemon [_thread_blocked, id=28209, stack(0x00007f16cce85000,0x00007f16ccf86000)]
  0x00007f16c805c000 JavaThread "C1 CompilerThread0" daemon [_thread_blocked, id=28210, stack(0x00007f16ccd84000,0x00007f16cce85000)]
  0x00007f16c805e000 JavaThread "Sweeper thread" daemon [_thread_blocked, id=28211, stack(0x00007f16ccc83000,0x00007f16ccd84000)]
  0x00007f16c8099000 JavaThread "Service Thread" daemon [_thread_blocked, id=28212, stack(0x00007f16ccb82000,0x00007f16ccc83000)]
  0x00007f16c80a2800 JavaThread "Common-Cleaner" daemon [_thread_blocked, id=28214, stack(0x00007f16cc97f000,0x00007f16cca80000)]
  0x00007f16c89a7800 JavaThread "edu.upenn.cis455.crawler.XPathCrawler.main()" [_thread_blocked, id=28215, stack(0x00007f16cc025000,0x00007f16cc126000)]
  0x00007f16a05b3800 JavaThread "INCompressor" daemon [_thread_blocked, id=28218, stack(0x00007f16b0033000,0x00007f16b0134000)]
  0x00007f16a05b4800 JavaThread "Cleaner-1" daemon [_thread_blocked, id=28219, stack(0x00007f16936d9000,0x00007f16937da000)]
  0x00007f16a05b5000 JavaThread "Checkpointer" daemon [_thread_blocked, id=28220, stack(0x00007f16935d8000,0x00007f16936d9000)]
  0x00007f16a110b000 JavaThread "Thread-1" [_thread_blocked, id=28222, stack(0x00007f1692ed4000,0x00007f1692fd5000)]
  0x00007f16ac009000 JavaThread "pool-1-thread-1" [_thread_blocked, id=28223, stack(0x00007f1692dd3000,0x00007f1692ed4000)]
  0x00007f16ac00b800 JavaThread "pool-1-thread-2" [_thread_in_native, id=28224, stack(0x00007f1692cd2000,0x00007f1692dd3000)]
  0x00007f16ac014800 JavaThread "pool-1-thread-3" [_thread_blocked, id=28225, stack(0x00007f1692bd1000,0x00007f1692cd2000)]
  0x00007f16ac016800 JavaThread "pool-1-thread-4" [_thread_blocked, id=28226, stack(0x00007f1692ad0000,0x00007f1692bd1000)]
  0x00007f16ac018800 JavaThread "pool-1-thread-5" [_thread_blocked, id=28227, stack(0x00007f16929cf000,0x00007f1692ad0000)]
  0x00007f1698007800 JavaThread "Keep-Alive-Timer" daemon [_thread_blocked, id=29118, stack(0x00007f1691f9e000,0x00007f169209f000)]

Other Threads:
=>0x00007f16c804d000 VMThread "VM Thread" [stack: 0x00007f16cd569000,0x00007f16cd669000] [id=28205]
  0x00007f16c809b000 WatcherThread [stack: 0x00007f16cca82000,0x00007f16ccb82000] [id=28213]

Threads with active compile tasks:

VM state:at safepoint (normal execution)

VM Mutex/Monitor currently owned by a thread:  ([mutex/lock_event])
[0x00007f16c8010db0] Threads_lock - owner thread: 0x00007f16c804d000
[0x00007f16c8011500] Heap_lock - owner thread: 0x00007f16ac016800

Heap address: 0x0000000080000000, size: 2048 MB, Compressed Oops mode: 32-bit
Narrow klass base: 0x0000000800000000, Narrow klass shift: 3
Compressed class space size: 1073741824 Address: 0x0000000840000000

Heap:
 def new generation   total 304384K, used 16941K [0x0000000080000000, 0x0000000094a40000, 0x00000000aaaa0000)
  eden space 270592K,   6% used [0x0000000080000000, 0x000000008108b450, 0x0000000090840000)
  from space 33792K,   0% used [0x0000000092940000, 0x0000000092940000, 0x0000000094a40000)
  to   space 33792K,   0% used [0x0000000090840000, 0x0000000090840000, 0x0000000092940000)
 tenured generation   total 682276K, used 682209K [0x00000000aaaa0000, 0x00000000d44e9000, 0x0000000100000000)
   the space 682276K,  99% used [0x00000000aaaa0000, 0x00000000d44d8510, 0x00000000d44d8600, 0x00000000d44e9000)
 Metaspace       used 33937K, capacity 34522K, committed 34688K, reserved 1081344K
  class space    used 3500K, capacity 3708K, committed 3712K, reserved 1048576K

Card table byte_map: [0x00007f16ce195000,0x00007f16ce596000] _byte_map_base: 0x00007f16cdd95000

Polling page: 0x00007f16d25c3000

Metaspace:

Usage:
  Non-class:     30.09 MB capacity,    29.72 MB ( 99%) used,   326.96 KB (  1%) free+waste,    49.94 KB ( <1%) overhead. 
      Class:      3.62 MB capacity,     3.42 MB ( 94%) used,   187.62 KB (  5%) free+waste,    19.88 KB ( <1%) overhead. 
       Both:     33.71 MB capacity,    33.14 MB ( 98%) used,   514.58 KB (  1%) free+waste,    69.81 KB ( <1%) overhead. 

Virtual space:
  Non-class space:       32.00 MB reserved,      30.25 MB ( 95%) committed 
      Class space:        1.00 GB reserved,       3.62 MB ( <1%) committed 
             Both:        1.03 GB reserved,      33.88 MB (  3%) committed 

Chunk freelists:
   Non-Class:  114.00 KB
       Class:  4.00 KB
        Both:  118.00 KB

MaxMetaspaceSize: unlimited
CompressedClassSpaceSize: 1.00 GB

CodeHeap 'non-profiled nmethods': size=120036Kb used=4738Kb max_used=4738Kb free=115297Kb
 bounds [0x00007f16b8405000, 0x00007f16b88b5000, 0x00007f16bf93e000]
CodeHeap 'profiled nmethods': size=120032Kb used=15620Kb max_used=16161Kb free=104411Kb
 bounds [0x00007f16b0ecd000, 0x00007f16b1ead000, 0x00007f16b8405000]
CodeHeap 'non-nmethods': size=5692Kb used=1198Kb max_used=1250Kb free=4493Kb
 bounds [0x00007f16b093e000, 0x00007f16b0bae000, 0x00007f16b0ecd000]
 total_blobs=12217 nmethods=7409 adapters=472
 compilation: enabled
              stopped_count=0, restarted_count=0
 full_count=0

Compilation events (20 events):
Event: 429.922 Thread 0x00007f16c805c000 nmethod 10364 0x00007f16b1bc4b10 code [0x00007f16b1bc4d00, 0x00007f16b1bc4fe8]
Event: 430.130 Thread 0x00007f16c805a000 nmethod 10357 0x00007f16b889ff90 code [0x00007f16b88a0140, 0x00007f16b88a0a48]
Event: 430.130 Thread 0x00007f16c805a000 10366       4       java.lang.Math::round (56 bytes)
Event: 430.139 Thread 0x00007f16c805a000 nmethod 10366 0x00007f16b88a0d10 code [0x00007f16b88a0ea0, 0x00007f16b88a0f58]
Event: 430.684 Thread 0x00007f16c805a000 10367       4       java.io.OutputStreamWriter::flush (8 bytes)
Event: 430.866 Thread 0x00007f16c805c000 10369       3       com.sleepycat.util.FastOutputStream::bump (52 bytes)
Event: 430.866 Thread 0x00007f16c805c000 nmethod 10369 0x00007f16b1bc4490 code [0x00007f16b1bc4660, 0x00007f16b1bc49c8]
Event: 430.910 Thread 0x00007f16c805a000 nmethod 10367 0x00007f16b88a1010 code [0x00007f16b88a1220, 0x00007f16b88a2498]
Event: 430.910 Thread 0x00007f16c805a000 10368       4       com.sleepycat.je.tree.LN::assignTransientLsn (75 bytes)
Event: 431.037 Thread 0x00007f16c805a000 nmethod 10368 0x00007f16b88a2e90 code [0x00007f16b88a3060, 0x00007f16b88a3708]
Event: 431.088 Thread 0x00007f16c805c000 10370       3       com.sleepycat.je.dbi.DatabaseImpl::isCheckpointNeeded (27 bytes)
Event: 431.088 Thread 0x00007f16c805c000 nmethod 10370 0x00007f16b1bc3e10 code [0x00007f16b1bc3fe0, 0x00007f16b1bc43b0]
Event: 431.140 Thread 0x00007f16c805c000 10371       3       sun.security.util.math.intpoly.IntegerPolynomial::getSmallValue (54 bytes)
Event: 431.141 Thread 0x00007f16c805c000 nmethod 10371 0x00007f16b1bc8d90 code [0x00007f16b1bc9020, 0x00007f16b1bc9af8]
Event: 431.218 Thread 0x00007f16c805c000 10372       3       org.jsoup.parser.HtmlTreeBuilder::pushActiveFormattingElements (83 bytes)
Event: 431.220 Thread 0x00007f16c805c000 nmethod 10372 0x00007f16b1becb90 code [0x00007f16b1becea0, 0x00007f16b1bee3c8]
Event: 431.586 Thread 0x00007f16c805a000 10373       4       java.math.BigInteger::mod (40 bytes)
Event: 432.695 Thread 0x00007f16c805a000 nmethod 10373 0x00007f16b88a3c10 code [0x00007f16b88a3e80, 0x00007f16b88a5e48]
Event: 432.695 Thread 0x00007f16c805a000 10374       4       java.math.BigInteger::remainder (38 bytes)
Event: 432.840 Thread 0x00007f16c805a000 nmethod 10374 0x00007f16b88a6b90 code [0x00007f16b88a6d80, 0x00007f16b88a7528]

GC Heap History (20 events):
Event: 406.325 GC heap after
{Heap after GC invocations=339 (full 24):
 def new generation   total 304384K, used 21414K [0x0000000080000000, 0x0000000094a40000, 0x00000000aaaa0000)
  eden space 270592K,   0% used [0x0000000080000000, 0x0000000080000000, 0x0000000090840000)
  from space 33792K,  63% used [0x0000000092940000, 0x0000000093e29bc0, 0x0000000094a40000)
  to   space 33792K,   0% used [0x0000000090840000, 0x0000000090840000, 0x0000000092940000)
 tenured generation   total 676228K, used 639031K [0x00000000aaaa0000, 0x00000000d3f01000, 0x0000000100000000)
   the space 676228K,  94% used [0x00000000aaaa0000, 0x00000000d1aadd60, 0x00000000d1aade00, 0x00000000d3f01000)
 Metaspace       used 33871K, capacity 34457K, committed 34688K, reserved 1081344K
  class space    used 3500K, capacity 3708K, committed 3712K, reserved 1048576K
}
Event: 408.149 GC heap before
{Heap before GC invocations=339 (full 24):
 def new generation   total 304384K, used 292006K [0x0000000080000000, 0x0000000094a40000, 0x00000000aaaa0000)
  eden space 270592K, 100% used [0x0000000080000000, 0x0000000090840000, 0x0000000090840000)
  from space 33792K,  63% used [0x0000000092940000, 0x0000000093e29bc0, 0x0000000094a40000)
  to   space 33792K,   0% used [0x0000000090840000, 0x0000000090840000, 0x0000000092940000)
 tenured generation   total 676228K, used 639031K [0x00000000aaaa0000, 0x00000000d3f01000, 0x0000000100000000)
   the space 676228K,  94% used [0x00000000aaaa0000, 0x00000000d1aadd60, 0x00000000d1aade00, 0x00000000d3f01000)
 Metaspace       used 33871K, capacity 34457K, committed 34688K, reserved 1081344K
  class space    used 3500K, capacity 3708K, committed 3712K, reserved 1048576K
}
Event: 408.189 GC heap after
{Heap after GC invocations=340 (full 24):
 def new generation   total 304384K, used 16212K [0x0000000080000000, 0x0000000094a40000, 0x00000000aaaa0000)
  eden space 270592K,   0% used [0x0000000080000000, 0x0000000080000000, 0x0000000090840000)
  from space 33792K,  47% used [0x0000000090840000, 0x00000000918152b0, 0x0000000092940000)
  to   space 33792K,   0% used [0x0000000092940000, 0x0000000092940000, 0x0000000094a40000)
 tenured generation   total 676228K, used 644928K [0x00000000aaaa0000, 0x00000000d3f01000, 0x0000000100000000)
   the space 676228K,  95% used [0x00000000aaaa0000, 0x00000000d20700d0, 0x00000000d2070200, 0x00000000d3f01000)
 Metaspace       used 33871K, capacity 34457K, committed 34688K, reserved 1081344K
  class space    used 3500K, capacity 3708K, committed 3712K, reserved 1048576K
}
Event: 410.291 GC heap before
{Heap before GC invocations=340 (full 24):
 def new generation   total 304384K, used 286804K [0x0000000080000000, 0x0000000094a40000, 0x00000000aaaa0000)
  eden space 270592K, 100% used [0x0000000080000000, 0x0000000090840000, 0x0000000090840000)
  from space 33792K,  47% used [0x0000000090840000, 0x00000000918152b0, 0x0000000092940000)
  to   space 33792K,   0% used [0x0000000092940000, 0x0000000092940000, 0x0000000094a40000)
 tenured generation   total 676228K, used 644928K [0x00000000aaaa0000, 0x00000000d3f01000, 0x0000000100000000)
   the space 676228K,  95% used [0x00000000aaaa0000, 0x00000000d20700d0, 0x00000000d2070200, 0x00000000d3f01000)
 Metaspace       used 33872K, capacity 34457K, committed 34688K, reserved 1081344K
  class space    used 3500K, capacity 3708K, committed 3712K, reserved 1048576K
}
Event: 410.303 GC heap after
{Heap after GC invocations=341 (full 24):
 def new generation   total 304384K, used 21300K [0x0000000080000000, 0x0000000094a40000, 0x00000000aaaa0000)
  eden space 270592K,   0% used [0x0000000080000000, 0x0000000080000000, 0x0000000090840000)
  from space 33792K,  63% used [0x0000000092940000, 0x0000000093e0d1e0, 0x0000000094a40000)
  to   space 33792K,   0% used [0x0000000090840000, 0x0000000090840000, 0x0000000092940000)
 tenured generation   total 676228K, used 644928K [0x00000000aaaa0000, 0x00000000d3f01000, 0x0000000100000000)
   the space 676228K,  95% used [0x00000000aaaa0000, 0x00000000d20700d0, 0x00000000d2070200, 0x00000000d3f01000)
 Metaspace       used 33872K, capacity 34457K, committed 34688K, reserved 1081344K
  class space    used 3500K, capacity 3708K, committed 3712K, reserved 1048576K
}
Event: 412.536 GC heap before
{Heap before GC invocations=341 (full 24):
 def new generation   total 304384K, used 291892K [0x0000000080000000, 0x0000000094a40000, 0x00000000aaaa0000)
  eden space 270592K, 100% used [0x0000000080000000, 0x0000000090840000, 0x0000000090840000)
  from space 33792K,  63% used [0x0000000092940000, 0x0000000093e0d1e0, 0x0000000094a40000)
  to   space 33792K,   0% used [0x0000000090840000, 0x0000000090840000, 0x0000000092940000)
 tenured generation   total 676228K, used 644928K [0x00000000aaaa0000, 0x00000000d3f01000, 0x0000000100000000)
   the space 676228K,  95% used [0x00000000aaaa0000, 0x00000000d20700d0, 0x00000000d2070200, 0x00000000d3f01000)
 Metaspace       used 33877K, capacity 34457K, committed 34688K, reserved 1081344K
  class space    used 3500K, capacity 3708K, committed 3712K, reserved 1048576K
}
Event: 412.557 GC heap after
{Heap after GC invocations=342 (full 24):
 def new generation   total 304384K, used 19116K [0x0000000080000000, 0x0000000094a40000, 0x00000000aaaa0000)
  eden space 270592K,   0% used [0x0000000080000000, 0x0000000080000000, 0x0000000090840000)
  from space 33792K,  56% used [0x0000000090840000, 0x0000000091aeb278, 0x0000000092940000)
  to   space 33792K,   0% used [0x0000000092940000, 0x0000000092940000, 0x0000000094a40000)
 tenured generation   total 676228K, used 652431K [0x00000000aaaa0000, 0x00000000d3f01000, 0x0000000100000000)
   the space 676228K,  96% used [0x00000000aaaa0000, 0x00000000d27c3cf0, 0x00000000d27c3e00, 0x00000000d3f01000)
 Metaspace       used 33877K, capacity 34457K, committed 34688K, reserved 1081344K
  class space    used 3500K, capacity 3708K, committed 3712K, reserved 1048576K
}
Event: 415.977 GC heap before
{Heap before GC invocations=342 (full 24):
 def new generation   total 304384K, used 288861K [0x0000000080000000, 0x0000000094a40000, 0x00000000aaaa0000)
  eden space 270592K,  99% used [0x0000000080000000, 0x000000009076c328, 0x0000000090840000)
  from space 33792K,  56% used [0x0000000090840000, 0x0000000091aeb278, 0x0000000092940000)
  to   space 33792K,   0% used [0x0000000092940000, 0x0000000092940000, 0x0000000094a40000)
 tenured generation   total 676228K, used 652431K [0x00000000aaaa0000, 0x00000000d3f01000, 0x0000000100000000)
   the space 676228K,  96% used [0x00000000aaaa0000, 0x00000000d27c3cf0, 0x00000000d27c3e00, 0x00000000d3f01000)
 Metaspace       used 33879K, capacity 34458K, committed 34688K, reserved 1081344K
  class space    used 3500K, capacity 3708K, committed 3712K, reserved 1048576K
}
Event: 416.020 GC heap after
{Heap after GC invocations=343 (full 24):
 def new generation   total 304384K, used 26303K [0x0000000080000000, 0x0000000094a40000, 0x00000000aaaa0000)
  eden space 270592K,   0% used [0x0000000080000000, 0x0000000080000000, 0x0000000090840000)
  from space 33792K,  77% used [0x0000000092940000, 0x00000000942efc68, 0x0000000094a40000)
  to   space 33792K,   0% used [0x0000000090840000, 0x0000000090840000, 0x0000000092940000)
 tenured generation   total 676228K, used 656053K [0x00000000aaaa0000, 0x00000000d3f01000, 0x0000000100000000)
   the space 676228K,  97% used [0x00000000aaaa0000, 0x00000000d2b4d730, 0x00000000d2b4d800, 0x00000000d3f01000)
 Metaspace       used 33879K, capacity 34458K, committed 34688K, reserved 1081344K
  class space    used 3500K, capacity 3708K, committed 3712K, reserved 1048576K
}
Event: 420.082 GC heap before
{Heap before GC invocations=343 (full 24):
 def new generation   total 304384K, used 296895K [0x0000000080000000, 0x0000000094a40000, 0x00000000aaaa0000)
  eden space 270592K, 100% used [0x0000000080000000, 0x0000000090840000, 0x0000000090840000)
  from space 33792K,  77% used [0x0000000092940000, 0x00000000942efc68, 0x0000000094a40000)
  to   space 33792K,   0% used [0x0000000090840000, 0x0000000090840000, 0x0000000092940000)
 tenured generation   total 676228K, used 656053K [0x00000000aaaa0000, 0x00000000d3f01000, 0x0000000100000000)
   the space 676228K,  97% used [0x00000000aaaa0000, 0x00000000d2b4d730, 0x00000000d2b4d800, 0x00000000d3f01000)
 Metaspace       used 33881K, capacity 34458K, committed 34688K, reserved 1081344K
  class space    used 3500K, capacity 3708K, committed 3712K, reserved 1048576K
}
Event: 420.175 GC heap after
{Heap after GC invocations=344 (full 24):
 def new generation   total 304384K, used 12606K [0x0000000080000000, 0x0000000094a40000, 0x00000000aaaa0000)
  eden space 270592K,   0% used [0x0000000080000000, 0x0000000080000000, 0x0000000090840000)
  from space 33792K,  37% used [0x0000000090840000, 0x000000009148f9c8, 0x0000000092940000)
  to   space 33792K,   0% used [0x0000000092940000, 0x0000000092940000, 0x0000000094a40000)
 tenured generation   total 676228K, used 665103K [0x00000000aaaa0000, 0x00000000d3f01000, 0x0000000100000000)
   the space 676228K,  98% used [0x00000000aaaa0000, 0x00000000d3423e70, 0x00000000d3424000, 0x00000000d3f01000)
 Metaspace       used 33881K, capacity 34458K, committed 34688K, reserved 1081344K
  class space    used 3500K, capacity 3708K, committed 3712K, reserved 1048576K
}
Event: 424.652 GC heap before
{Heap before GC invocations=344 (full 24):
 def new generation   total 304384K, used 283198K [0x0000000080000000, 0x0000000094a40000, 0x00000000aaaa0000)
  eden space 270592K, 100% used [0x0000000080000000, 0x0000000090840000, 0x0000000090840000)
  from space 33792K,  37% used [0x0000000090840000, 0x000000009148f9c8, 0x0000000092940000)
  to   space 33792K,   0% used [0x0000000092940000, 0x0000000092940000, 0x0000000094a40000)
 tenured generation   total 676228K, used 665103K [0x00000000aaaa0000, 0x00000000d3f01000, 0x0000000100000000)
   the space 676228K,  98% used [0x00000000aaaa0000, 0x00000000d3423e70, 0x00000000d3424000, 0x00000000d3f01000)
 Metaspace       used 33907K, capacity 34522K, committed 34688K, reserved 1081344K
  class space    used 3500K, capacity 3708K, committed 3712K, reserved 1048576K
}
Event: 424.668 GC heap after
{Heap after GC invocations=345 (full 24):
 def new generation   total 304384K, used 10214K [0x0000000080000000, 0x0000000094a40000, 0x00000000aaaa0000)
  eden space 270592K,   0% used [0x0000000080000000, 0x0000000080000000, 0x0000000090840000)
  from space 33792K,  30% used [0x0000000092940000, 0x0000000093339ab8, 0x0000000094a40000)
  to   space 33792K,   0% used [0x0000000090840000, 0x0000000090840000, 0x0000000092940000)
 tenured generation   total 676228K, used 665103K [0x00000000aaaa0000, 0x00000000d3f01000, 0x0000000100000000)
   the space 676228K,  98% used [0x00000000aaaa0000, 0x00000000d3423e70, 0x00000000d3424000, 0x00000000d3f01000)
 Metaspace       used 33907K, capacity 34522K, committed 34688K, reserved 1081344K
  class space    used 3500K, capacity 3708K, committed 3712K, reserved 1048576K
}
Event: 428.503 GC heap before
{Heap before GC invocations=345 (full 24):
 def new generation   total 304384K, used 280806K [0x0000000080000000, 0x0000000094a40000, 0x00000000aaaa0000)
  eden space 270592K, 100% used [0x0000000080000000, 0x0000000090840000, 0x0000000090840000)
  from space 33792K,  30% used [0x0000000092940000, 0x0000000093339ab8, 0x0000000094a40000)
  to   space 33792K,   0% used [0x0000000090840000, 0x0000000090840000, 0x0000000092940000)
 tenured generation   total 676228K, used 665103K [0x00000000aaaa0000, 0x00000000d3f01000, 0x0000000100000000)
   the space 676228K,  98% used [0x00000000aaaa0000, 0x00000000d3423e70, 0x00000000d3424000, 0x00000000d3f01000)
 Metaspace       used 33937K, capacity 34522K, committed 34688K, reserved 1081344K
  class space    used 3500K, capacity 3708K, committed 3712K, reserved 1048576K
}
Event: 428.520 GC heap after
{Heap after GC invocations=346 (full 24):
 def new generation   total 304384K, used 15675K [0x0000000080000000, 0x0000000094a40000, 0x00000000aaaa0000)
  eden space 270592K,   0% used [0x0000000080000000, 0x0000000080000000, 0x0000000090840000)
  from space 33792K,  46% used [0x0000000090840000, 0x000000009178edf0, 0x0000000092940000)
  to   space 33792K,   0% used [0x0000000092940000, 0x0000000092940000, 0x0000000094a40000)
 tenured generation   total 676228K, used 665103K [0x00000000aaaa0000, 0x00000000d3f01000, 0x0000000100000000)
   the space 676228K,  98% used [0x00000000aaaa0000, 0x00000000d3423e70, 0x00000000d3424000, 0x00000000d3f01000)
 Metaspace       used 33937K, capacity 34522K, committed 34688K, reserved 1081344K
  class space    used 3500K, capacity 3708K, committed 3712K, reserved 1048576K
}
Event: 430.171 GC heap before
{Heap before GC invocations=346 (full 24):
 def new generation   total 304384K, used 284923K [0x0000000080000000, 0x0000000094a40000, 0x00000000aaaa0000)
  eden space 270592K,  99% used [0x0000000080000000, 0x00000000906eff60, 0x0000000090840000)
  from space 33792K,  46% used [0x0000000090840000, 0x000000009178edf0, 0x0000000092940000)
  to   space 33792K,   0% used [0x0000000092940000, 0x0000000092940000, 0x0000000094a40000)
 tenured generation   total 676228K, used 665103K [0x00000000aaaa0000, 0x00000000d3f01000, 0x0000000100000000)
   the space 676228K,  98% used [0x00000000aaaa0000, 0x00000000d3423e70, 0x00000000d3424000, 0x00000000d3f01000)
 Metaspace       used 33937K, capacity 34522K, committed 34688K, reserved 1081344K
  class space    used 3500K, capacity 3708K, committed 3712K, reserved 1048576K
}
Event: 430.180 GC heap after
{Heap after GC invocations=347 (full 24):
 def new generation   total 304384K, used 17854K [0x0000000080000000, 0x0000000094a40000, 0x00000000aaaa0000)
  eden space 270592K,   0% used [0x0000000080000000, 0x0000000080000000, 0x0000000090840000)
  from space 33792K,  52% used [0x0000000092940000, 0x0000000093aaf880, 0x0000000094a40000)
  to   space 33792K,   0% used [0x0000000090840000, 0x0000000090840000, 0x0000000092940000)
 tenured generation   total 676228K, used 665103K [0x00000000aaaa0000, 0x00000000d3f01000, 0x0000000100000000)
   the space 676228K,  98% used [0x00000000aaaa0000, 0x00000000d3423e70, 0x00000000d3424000, 0x00000000d3f01000)
 Metaspace       used 33937K, capacity 34522K, committed 34688K, reserved 1081344K
  class space    used 3500K, capacity 3708K, committed 3712K, reserved 1048576K
}
Event: 431.397 GC heap before
{Heap before GC invocations=347 (full 24):
 def new generation   total 304384K, used 288446K [0x0000000080000000, 0x0000000094a40000, 0x00000000aaaa0000)
  eden space 270592K, 100% used [0x0000000080000000, 0x0000000090840000, 0x0000000090840000)
  from space 33792K,  52% used [0x0000000092940000, 0x0000000093aaf880, 0x0000000094a40000)
  to   space 33792K,   0% used [0x0000000090840000, 0x0000000090840000, 0x0000000092940000)
 tenured generation   total 676228K, used 665103K [0x00000000aaaa0000, 0x00000000d3f01000, 0x0000000100000000)
   the space 676228K,  98% used [0x00000000aaaa0000, 0x00000000d3423e70, 0x00000000d3424000, 0x00000000d3f01000)
 Metaspace       used 33937K, capacity 34522K, committed 34688K, reserved 1081344K
  class space    used 3500K, capacity 3708K, committed 3712K, reserved 1048576K
}
Event: 431.431 GC heap after
{Heap after GC invocations=348 (full 24):
 def new generation   total 304384K, used 33791K [0x0000000080000000, 0x0000000094a40000, 0x00000000aaaa0000)
  eden space 270592K,   0% used [0x0000000080000000, 0x0000000080000000, 0x0000000090840000)
  from space 33792K,  99% used [0x0000000090840000, 0x000000009293fff8, 0x0000000092940000)
  to   space 33792K,   0% used [0x0000000092940000, 0x0000000092940000, 0x0000000094a40000)
 tenured generation   total 676228K, used 670288K [0x00000000aaaa0000, 0x00000000d3f01000, 0x0000000100000000)
   the space 676228K,  99% used [0x00000000aaaa0000, 0x00000000d39340d0, 0x00000000d3934200, 0x00000000d3f01000)
 Metaspace       used 33937K, capacity 34522K, committed 34688K, reserved 1081344K
  class space    used 3500K, capacity 3708K, committed 3712K, reserved 1048576K
}
Event: 433.051 GC heap before
{Heap before GC invocations=348 (full 24):
 def new generation   total 304384K, used 304383K [0x0000000080000000, 0x0000000094a40000, 0x00000000aaaa0000)
  eden space 270592K, 100% used [0x0000000080000000, 0x0000000090840000, 0x0000000090840000)
  from space 33792K,  99% used [0x0000000090840000, 0x000000009293fff8, 0x0000000092940000)
  to   space 33792K,   0% used [0x0000000092940000, 0x0000000092940000, 0x0000000094a40000)
 tenured generation   total 676228K, used 670288K [0x00000000aaaa0000, 0x00000000d3f01000, 0x0000000100000000)
   the space 676228K,  99% used [0x00000000aaaa0000, 0x00000000d39340d0, 0x00000000d3934200, 0x00000000d3f01000)
 Metaspace       used 33937K, capacity 34522K, committed 34688K, reserved 1081344K
  class space    used 3500K, capacity 3708K, committed 3712K, reserved 1048576K
}

Deoptimization events (20 events):
Event: 422.374 Thread 0x00007f16ac014800 Uncommon trap: trap_request=0xffffff4d fr.pc=0x00007f16b8853248 relative=0x00000000000000e8
Event: 422.374 Thread 0x00007f16ac014800 Uncommon trap: reason=unstable_if action=reinterpret pc=0x00007f16b8853248 method=org.jsoup.parser.TokeniserState$18.read(Lorg/jsoup/parser/Tokeniser;Lorg/jsoup/parser/CharacterReader;)V @ 4 c2
Event: 422.374 Thread 0x00007f16ac014800 DEOPT PACKING pc=0x00007f16b8853248 sp=0x00007f1692cd05a0
Event: 422.374 Thread 0x00007f16ac014800 DEOPT UNPACKING pc=0x00007f16b0966325 sp=0x00007f1692cd0578 mode 2
Event: 422.810 Thread 0x00007f16ac016800 DEOPT PACKING pc=0x00007f16b12fd222 sp=0x00007f1692bcf550
Event: 422.810 Thread 0x00007f16ac016800 DEOPT UNPACKING pc=0x00007f16b096613a sp=0x00007f1692bce9b8 mode 0
Event: 422.997 Thread 0x00007f16ac018800 Uncommon trap: trap_request=0xffffff4d fr.pc=0x00007f16b86f6498 relative=0x0000000000000538
Event: 422.997 Thread 0x00007f16ac018800 Uncommon trap: reason=unstable_if action=reinterpret pc=0x00007f16b86f6498 method=org.jsoup.parser.HtmlTreeBuilder.pushActiveFormattingElements(Lorg/jsoup/nodes/Element;)V @ 44 c2
Event: 422.997 Thread 0x00007f16ac018800 DEOPT PACKING pc=0x00007f16b86f6498 sp=0x00007f1692ace140
Event: 422.997 Thread 0x00007f16ac018800 DEOPT UNPACKING pc=0x00007f16b0966325 sp=0x00007f1692ace118 mode 2
Event: 423.752 Thread 0x00007f16ac014800 DEOPT PACKING pc=0x00007f16b10f603b sp=0x00007f1692ccf360
Event: 423.752 Thread 0x00007f16ac014800 DEOPT UNPACKING pc=0x00007f16b096613a sp=0x00007f1692cce7d0 mode 0
Event: 425.102 Thread 0x00007f16ac014800 DEOPT PACKING pc=0x00007f16b1879cd9 sp=0x00007f1692ccecd0
Event: 425.102 Thread 0x00007f16ac014800 DEOPT UNPACKING pc=0x00007f16b096613a sp=0x00007f1692cce158 mode 0
Event: 425.465 Thread 0x00007f16ac018800 DEOPT PACKING pc=0x00007f16b16a3b1b sp=0x00007f1692accfb0
Event: 425.465 Thread 0x00007f16ac018800 DEOPT UNPACKING pc=0x00007f16b096613a sp=0x00007f1692acc450 mode 0
Event: 429.636 Thread 0x00007f16ac018800 DEOPT PACKING pc=0x00007f16b1b53717 sp=0x00007f1692acdbd0
Event: 429.636 Thread 0x00007f16ac018800 DEOPT UNPACKING pc=0x00007f16b096613a sp=0x00007f1692acd0e8 mode 0
Event: 429.697 Thread 0x00007f16ac018800 DEOPT PACKING pc=0x00007f16b1974cae sp=0x00007f1692acd4c0
Event: 429.697 Thread 0x00007f16ac018800 DEOPT UNPACKING pc=0x00007f16b096613a sp=0x00007f1692acc988 mode 0

Classes redefined (0 events):
No events

Internal exceptions (20 events):
Event: 426.530 Thread 0x00007f16ac009000 Exception <a 'java/lang/ClassNotFoundException'{0x0000000086589aa8}: sun/net/www/protocol/javascript/Handler> (0x0000000086589aa8) thrown at [/build/openjdk-lts-ioLltV/openjdk-lts-11.0.5+10/src/hotspot/share/classfile/systemDictionary.cpp, line 231]
Event: 426.530 Thread 0x00007f16ac009000 Exception <a 'java/lang/ClassNotFoundException'{0x000000008658e868}: sun/net/www/protocol/sms/Handler> (0x000000008658e868) thrown at [/build/openjdk-lts-ioLltV/openjdk-lts-11.0.5+10/src/hotspot/share/classfile/systemDictionary.cpp, line 231]
Event: 426.530 Thread 0x00007f16ac009000 Exception <a 'java/lang/ClassNotFoundException'{0x0000000086590e00}: sun/net/www/protocol/javascript/Handler> (0x0000000086590e00) thrown at [/build/openjdk-lts-ioLltV/openjdk-lts-11.0.5+10/src/hotspot/share/classfile/systemDictionary.cpp, line 231]
Event: 426.530 Thread 0x00007f16ac009000 Exception <a 'java/lang/ClassNotFoundException'{0x0000000086596208}: sun/net/www/protocol/sms/Handler> (0x0000000086596208) thrown at [/build/openjdk-lts-ioLltV/openjdk-lts-11.0.5+10/src/hotspot/share/classfile/systemDictionary.cpp, line 231]
Event: 426.531 Thread 0x00007f16ac009000 Exception <a 'java/lang/ClassNotFoundException'{0x0000000086598a50}: sun/net/www/protocol/javascript/Handler> (0x0000000086598a50) thrown at [/build/openjdk-lts-ioLltV/openjdk-lts-11.0.5+10/src/hotspot/share/classfile/systemDictionary.cpp, line 231]
Event: 426.531 Thread 0x00007f16ac009000 Exception <a 'java/lang/ClassNotFoundException'{0x000000008659d330}: sun/net/www/protocol/sms/Handler> (0x000000008659d330) thrown at [/build/openjdk-lts-ioLltV/openjdk-lts-11.0.5+10/src/hotspot/share/classfile/systemDictionary.cpp, line 231]
Event: 426.531 Thread 0x00007f16ac009000 Exception <a 'java/lang/ClassNotFoundException'{0x000000008659f6a0}: sun/net/www/protocol/javascript/Handler> (0x000000008659f6a0) thrown at [/build/openjdk-lts-ioLltV/openjdk-lts-11.0.5+10/src/hotspot/share/classfile/systemDictionary.cpp, line 231]
Event: 426.531 Thread 0x00007f16ac009000 Exception <a 'java/lang/ClassNotFoundException'{0x00000000865a4838}: sun/net/www/protocol/sms/Handler> (0x00000000865a4838) thrown at [/build/openjdk-lts-ioLltV/openjdk-lts-11.0.5+10/src/hotspot/share/classfile/systemDictionary.cpp, line 231]
Event: 426.555 Thread 0x00007f16ac009000 Exception <a 'java/lang/ClassNotFoundException'{0x00000000865a6f40}: sun/net/www/protocol/javascript/Handler> (0x00000000865a6f40) thrown at [/build/openjdk-lts-ioLltV/openjdk-lts-11.0.5+10/src/hotspot/share/classfile/systemDictionary.cpp, line 231]
Event: 426.555 Thread 0x00007f16ac009000 Exception <a 'java/lang/ClassNotFoundException'{0x00000000865ab988}: sun/net/www/protocol/sms/Handler> (0x00000000865ab988) thrown at [/build/openjdk-lts-ioLltV/openjdk-lts-11.0.5+10/src/hotspot/share/classfile/systemDictionary.cpp, line 231]
Event: 426.556 Thread 0x00007f16ac009000 Exception <a 'java/lang/ClassNotFoundException'{0x00000000865addb8}: sun/net/www/protocol/javascript/Handler> (0x00000000865addb8) thrown at [/build/openjdk-lts-ioLltV/openjdk-lts-11.0.5+10/src/hotspot/share/classfile/systemDictionary.cpp, line 231]
Event: 426.556 Thread 0x00007f16ac009000 Exception <a 'java/lang/ClassNotFoundException'{0x00000000865b2698}: sun/net/www/protocol/sms/Handler> (0x00000000865b2698) thrown at [/build/openjdk-lts-ioLltV/openjdk-lts-11.0.5+10/src/hotspot/share/classfile/systemDictionary.cpp, line 231]
Event: 426.556 Thread 0x00007f16ac009000 Exception <a 'java/lang/ClassNotFoundException'{0x00000000865b4a08}: sun/net/www/protocol/javascript/Handler> (0x00000000865b4a08) thrown at [/build/openjdk-lts-ioLltV/openjdk-lts-11.0.5+10/src/hotspot/share/classfile/systemDictionary.cpp, line 231]
Event: 429.336 Thread 0x00007f16ac009000 Exception <a 'java/lang/ClassNotFoundException'{0x0000000089f11368}: sun/net/www/protocol/javascript/Handler> (0x0000000089f11368) thrown at [/build/openjdk-lts-ioLltV/openjdk-lts-11.0.5+10/src/hotspot/share/classfile/systemDictionary.cpp, line 231]
Event: 429.602 Thread 0x00007f16ac018800 Exception <a 'java/lang/ClassNotFoundException'{0x000000008c4b08e8}: sun/net/www/protocol/javascript/Handler> (0x000000008c4b08e8) thrown at [/build/openjdk-lts-ioLltV/openjdk-lts-11.0.5+10/src/hotspot/share/classfile/systemDictionary.cpp, line 231]
Event: 429.997 Thread 0x00007f16ac014800 Exception <a 'java/lang/ClassNotFoundException'{0x000000008eb9cb68}: sun/net/www/protocol/javascript/Handler> (0x000000008eb9cb68) thrown at [/build/openjdk-lts-ioLltV/openjdk-lts-11.0.5+10/src/hotspot/share/classfile/systemDictionary.cpp, line 231]
Event: 431.332 Thread 0x00007f16ac009000 Exception <a 'java/lang/ClassNotFoundException'{0x000000008f9f2220}: sun/net/www/protocol/javascript/Handler> (0x000000008f9f2220) thrown at [/build/openjdk-lts-ioLltV/openjdk-lts-11.0.5+10/src/hotspot/share/classfile/systemDictionary.cpp, line 231]
Event: 432.014 Thread 0x00007f16ac009000 Exception <a 'java/lang/ClassNotFoundException'{0x00000000852e9568}: sun/net/www/protocol/javascript/Handler> (0x00000000852e9568) thrown at [/build/openjdk-lts-ioLltV/openjdk-lts-11.0.5+10/src/hotspot/share/classfile/systemDictionary.cpp, line 231]
Event: 432.101 Thread 0x00007f16ac016800 Exception <a 'java/lang/ClassNotFoundException'{0x00000000861ccb78}: sun/net/www/protocol/javascript/Handler> (0x00000000861ccb78) thrown at [/build/openjdk-lts-ioLltV/openjdk-lts-11.0.5+10/src/hotspot/share/classfile/systemDictionary.cpp, line 231]
Event: 432.577 Thread 0x00007f16ac009000 Exception <a 'java/lang/ClassNotFoundException'{0x000000008ac11920}: sun/net/www/protocol/javascript/Handler> (0x000000008ac11920) thrown at [/build/openjdk-lts-ioLltV/openjdk-lts-11.0.5+10/src/hotspot/share/classfile/systemDictionary.cpp, line 231]

Events (20 events):
Event: 431.497 Executing VM operation: GenCollectForAllocation done
Event: 431.638 Thread 0x00007f169800c000 Thread added: 0x00007f169800c000
Event: 431.638 Protecting memory [0x00007f1691d9c000,0x00007f1691da0000] with protection modes 0
Event: 431.639 Thread 0x00007f169800c000 Thread exited: 0x00007f169800c000
Event: 432.014 loading class sun/net/www/protocol/javascript/Handler
Event: 432.014 loading class sun/net/www/protocol/javascript/Handler done
Event: 432.101 loading class sun/net/www/protocol/javascript/Handler
Event: 432.101 loading class sun/net/www/protocol/javascript/Handler done
Event: 432.175 Thread 0x00007f169430f000 Thread added: 0x00007f169430f000
Event: 432.176 Protecting memory [0x00007f1691d9c000,0x00007f1691da0000] with protection modes 0
Event: 432.176 Thread 0x00007f169430f000 Thread exited: 0x00007f169430f000
Event: 432.577 loading class sun/net/www/protocol/javascript/Handler
Event: 432.577 loading class sun/net/www/protocol/javascript/Handler done
Event: 432.697 Thread 0x00007f16a072c800 Thread added: 0x00007f16a072c800
Event: 432.697 Protecting memory [0x00007f1691d9c000,0x00007f1691da0000] with protection modes 0
Event: 432.697 Thread 0x00007f16a072c800 Thread exited: 0x00007f16a072c800
Event: 432.952 Thread 0x00007f169800c000 Thread added: 0x00007f169800c000
Event: 432.953 Protecting memory [0x00007f1691d9c000,0x00007f1691da0000] with protection modes 0
Event: 432.953 Thread 0x00007f169800c000 Thread exited: 0x00007f169800c000
Event: 433.037 Executing VM operation: GenCollectForAllocation


Dynamic libraries:
80000000-94a40000 rw-p 00000000 00:00 0 
94a40000-aaaa0000 ---p 00000000 00:00 0 
aaaa0000-d44e9000 rw-p 00000000 00:00 0 
f00fe000-100000000 ---p 00000000 00:00 0 
800000000-800002000 rwxp 00001000 08:01 1062218                          /usr/lib/jvm/java-11-openjdk-amd64/lib/server/classes.jsa
800002000-8003b8000 rw-p 00003000 08:01 1062218                          /usr/lib/jvm/java-11-openjdk-amd64/lib/server/classes.jsa
8003b8000-800a7e000 r--p 003b9000 08:01 1062218                          /usr/lib/jvm/java-11-openjdk-amd64/lib/server/classes.jsa
800a7e000-800a7f000 rw-p 00a7f000 08:01 1062218                          /usr/lib/jvm/java-11-openjdk-amd64/lib/server/classes.jsa
800a7f000-80108b000 r--p 00a80000 08:01 1062218                          /usr/lib/jvm/java-11-openjdk-amd64/lib/server/classes.jsa
840000000-8403a0000 rw-p 00000000 00:00 0 
8403a0000-880000000 ---p 00000000 00:00 0 
55c8bc59c000-55c8bc59d000 r-xp 00000000 08:01 797355                     /usr/lib/jvm/java-11-openjdk-amd64/bin/java
55c8bc79d000-55c8bc79e000 r--p 00001000 08:01 797355                     /usr/lib/jvm/java-11-openjdk-amd64/bin/java
55c8bc79e000-55c8bc79f000 rw-p 00002000 08:01 797355                     /usr/lib/jvm/java-11-openjdk-amd64/bin/java
55c8bcaf0000-55c8bcd76000 rw-p 00000000 00:00 0                          [heap]
7f169199c000-7f16919dc000 rw-p 00000000 00:00 0 
7f16919dc000-7f1691b9c000 ---p 00000000 00:00 0 
7f1691b9c000-7f1691d9c000 rw-p 00000000 00:00 0 
7f1691d9c000-7f1691da0000 ---p 00000000 00:00 0 
7f1691da0000-7f1691e9d000 rw-p 00000000 00:00 0 
7f1691e9d000-7f1691ea1000 ---p 00000000 00:00 0 
7f1691ea1000-7f1691f9e000 rw-p 00000000 00:00 0 
7f1691f9e000-7f1691fa2000 ---p 00000000 00:00 0 
7f1691fa2000-7f169209f000 rw-p 00000000 00:00 0 
7f169209f000-7f16920a3000 ---p 00000000 00:00 0 
7f16920a3000-7f16923a0000 rw-p 00000000 00:00 0 
7f16923a0000-7f16925a0000 rw-p 00000000 00:00 0 
7f16925a0000-7f16927a0000 rw-p 00000000 00:00 0 
7f16927a0000-7f16927ca000 r-xp 00000000 08:01 1059334                    /usr/lib/jvm/java-11-openjdk-amd64/lib/libsunec.so
7f16927ca000-7f16929c9000 ---p 0002a000 08:01 1059334                    /usr/lib/jvm/java-11-openjdk-amd64/lib/libsunec.so
7f16929c9000-7f16929cd000 r--p 00029000 08:01 1059334                    /usr/lib/jvm/java-11-openjdk-amd64/lib/libsunec.so
7f16929cd000-7f16929cf000 rw-p 0002d000 08:01 1059334                    /usr/lib/jvm/java-11-openjdk-amd64/lib/libsunec.so
7f16929cf000-7f16929d3000 ---p 00000000 00:00 0 
7f16929d3000-7f1692ad0000 rw-p 00000000 00:00 0 
7f1692ad0000-7f1692ad4000 ---p 00000000 00:00 0 
7f1692ad4000-7f1692bd1000 rw-p 00000000 00:00 0 
7f1692bd1000-7f1692bd5000 ---p 00000000 00:00 0 
7f1692bd5000-7f1692cd2000 rw-p 00000000 00:00 0 
7f1692cd2000-7f1692cd6000 ---p 00000000 00:00 0 
7f1692cd6000-7f1692dd3000 rw-p 00000000 00:00 0 
7f1692dd3000-7f1692dd7000 ---p 00000000 00:00 0 
7f1692dd7000-7f1692ed4000 rw-p 00000000 00:00 0 
7f1692ed4000-7f1692ed8000 ---p 00000000 00:00 0 
7f1692ed8000-7f16931d5000 rw-p 00000000 00:00 0 
7f16931d5000-7f16931d7000 r-xp 00000000 08:01 1059309                    /usr/lib/jvm/java-11-openjdk-amd64/lib/libextnet.so
7f16931d7000-7f16933d6000 ---p 00002000 08:01 1059309                    /usr/lib/jvm/java-11-openjdk-amd64/lib/libextnet.so
7f16933d6000-7f16933d7000 r--p 00001000 08:01 1059309                    /usr/lib/jvm/java-11-openjdk-amd64/lib/libextnet.so
7f16933d7000-7f16933d8000 rw-p 00002000 08:01 1059309                    /usr/lib/jvm/java-11-openjdk-amd64/lib/libextnet.so
7f16933d8000-7f16935d8000 rw-p 00000000 00:00 0 
7f16935d8000-7f16935dc000 ---p 00000000 00:00 0 
7f16935dc000-7f16936d9000 rw-p 00000000 00:00 0 
7f16936d9000-7f16936dd000 ---p 00000000 00:00 0 
7f16936dd000-7f16939da000 rw-p 00000000 00:00 0 
7f16939da000-7f16939df000 r-xp 00000000 08:01 1059326                    /usr/lib/jvm/java-11-openjdk-amd64/lib/libmanagement_ext.so
7f16939df000-7f1693bde000 ---p 00005000 08:01 1059326                    /usr/lib/jvm/java-11-openjdk-amd64/lib/libmanagement_ext.so
7f1693bde000-7f1693bdf000 r--p 00004000 08:01 1059326                    /usr/lib/jvm/java-11-openjdk-amd64/lib/libmanagement_ext.so
7f1693bdf000-7f1693be0000 rw-p 00005000 08:01 1059326                    /usr/lib/jvm/java-11-openjdk-amd64/lib/libmanagement_ext.so
7f1693be0000-7f1693be4000 r-xp 00000000 08:01 1059324                    /usr/lib/jvm/java-11-openjdk-amd64/lib/libmanagement.so
7f1693be4000-7f1693de3000 ---p 00004000 08:01 1059324                    /usr/lib/jvm/java-11-openjdk-amd64/lib/libmanagement.so
7f1693de3000-7f1693de4000 r--p 00003000 08:01 1059324                    /usr/lib/jvm/java-11-openjdk-amd64/lib/libmanagement.so
7f1693de4000-7f1693de5000 rw-p 00004000 08:01 1059324                    /usr/lib/jvm/java-11-openjdk-amd64/lib/libmanagement.so
7f1693de5000-7f1693dfc000 r-xp 00000000 08:01 1179689                    /lib/x86_64-linux-gnu/libresolv-2.27.so
7f1693dfc000-7f1693ffc000 ---p 00017000 08:01 1179689                    /lib/x86_64-linux-gnu/libresolv-2.27.so
7f1693ffc000-7f1693ffd000 r--p 00017000 08:01 1179689                    /lib/x86_64-linux-gnu/libresolv-2.27.so
7f1693ffd000-7f1693ffe000 rw-p 00018000 08:01 1179689                    /lib/x86_64-linux-gnu/libresolv-2.27.so
7f1693ffe000-7f1694000000 rw-p 00000000 00:00 0 
7f1694000000-7f1695127000 rw-p 00000000 00:00 0 
7f1695127000-7f1698000000 ---p 00000000 00:00 0 
7f1698000000-7f1698230000 rw-p 00000000 00:00 0 
7f1698230000-7f169c000000 ---p 00000000 00:00 0 
7f169c000000-7f169c021000 rw-p 00000000 00:00 0 
7f169c021000-7f16a0000000 ---p 00000000 00:00 0 
7f16a0000000-7f16a2bc8000 rw-p 00000000 00:00 0 
7f16a2bc8000-7f16a4000000 ---p 00000000 00:00 0 
7f16a4000000-7f16a4021000 rw-p 00000000 00:00 0 
7f16a4021000-7f16a8000000 ---p 00000000 00:00 0 
7f16a8000000-7f16a8021000 rw-p 00000000 00:00 0 
7f16a8021000-7f16ac000000 ---p 00000000 00:00 0 
7f16ac000000-7f16ac1c4000 rw-p 00000000 00:00 0 
7f16ac1c4000-7f16b0000000 ---p 00000000 00:00 0 
7f16b0033000-7f16b0037000 ---p 00000000 00:00 0 
7f16b0037000-7f16b0134000 rw-p 00000000 00:00 0 
7f16b0134000-7f16b0139000 r-xp 00000000 08:01 1179682                    /lib/x86_64-linux-gnu/libnss_dns-2.27.so
7f16b0139000-7f16b0339000 ---p 00005000 08:01 1179682                    /lib/x86_64-linux-gnu/libnss_dns-2.27.so
7f16b0339000-7f16b033a000 r--p 00005000 08:01 1179682                    /lib/x86_64-linux-gnu/libnss_dns-2.27.so
7f16b033a000-7f16b033b000 rw-p 00006000 08:01 1179682                    /lib/x86_64-linux-gnu/libnss_dns-2.27.so
7f16b033b000-7f16b033d000 r-xp 00000000 08:01 1180108                    /lib/x86_64-linux-gnu/libnss_mdns4_minimal.so.2
7f16b033d000-7f16b053c000 ---p 00002000 08:01 1180108                    /lib/x86_64-linux-gnu/libnss_mdns4_minimal.so.2
7f16b053c000-7f16b053d000 r--p 00001000 08:01 1180108                    /lib/x86_64-linux-gnu/libnss_mdns4_minimal.so.2
7f16b053d000-7f16b053e000 rw-p 00002000 08:01 1180108                    /lib/x86_64-linux-gnu/libnss_mdns4_minimal.so.2
7f16b053e000-7f16b073e000 rw-p 00000000 00:00 0 
7f16b073e000-7f16b093e000 rw-p 00000000 00:00 0 
7f16b093e000-7f16b0bae000 rwxp 00000000 00:00 0 
7f16b0bae000-7f16b0ecd000 ---p 00000000 00:00 0 
7f16b0ecd000-7f16b1ead000 rwxp 00000000 00:00 0 
7f16b1ead000-7f16b8405000 ---p 00000000 00:00 0 
7f16b8405000-7f16b88b5000 rwxp 00000000 00:00 0 
7f16b88b5000-7f16bf93e000 ---p 00000000 00:00 0 
7f16bf93e000-7f16c8000000 r--s 00000000 08:01 1059338                    /usr/lib/jvm/java-11-openjdk-amd64/lib/modules
7f16c8000000-7f16c8b17000 rw-p 00000000 00:00 0 
7f16c8b17000-7f16cc000000 ---p 00000000 00:00 0 
7f16cc025000-7f16cc029000 ---p 00000000 00:00 0 
7f16cc029000-7f16cc326000 rw-p 00000000 00:00 0 
7f16cc326000-7f16cc526000 rw-p 00000000 00:00 0 
7f16cc526000-7f16cc557000 rw-p 00000000 00:00 0 
7f16cc557000-7f16cc56d000 r-xp 00000000 08:01 1059328                    /usr/lib/jvm/java-11-openjdk-amd64/lib/libnet.so
7f16cc56d000-7f16cc76c000 ---p 00016000 08:01 1059328                    /usr/lib/jvm/java-11-openjdk-amd64/lib/libnet.so
7f16cc76c000-7f16cc76d000 r--p 00015000 08:01 1059328                    /usr/lib/jvm/java-11-openjdk-amd64/lib/libnet.so
7f16cc76d000-7f16cc76e000 rw-p 00016000 08:01 1059328                    /usr/lib/jvm/java-11-openjdk-amd64/lib/libnet.so
7f16cc76e000-7f16cc77e000 r-xp 00000000 08:01 1059329                    /usr/lib/jvm/java-11-openjdk-amd64/lib/libnio.so
7f16cc77e000-7f16cc97d000 ---p 00010000 08:01 1059329                    /usr/lib/jvm/java-11-openjdk-amd64/lib/libnio.so
7f16cc97d000-7f16cc97e000 r--p 0000f000 08:01 1059329                    /usr/lib/jvm/java-11-openjdk-amd64/lib/libnio.so
7f16cc97e000-7f16cc97f000 rw-p 00010000 08:01 1059329                    /usr/lib/jvm/java-11-openjdk-amd64/lib/libnio.so
7f16cc97f000-7f16cc983000 ---p 00000000 00:00 0 
7f16cc983000-7f16cca80000 rw-p 00000000 00:00 0 
7f16cca80000-7f16cca81000 ---p 00000000 00:00 0 
7f16cca81000-7f16ccb82000 rw-p 00000000 00:00 0 
7f16ccb82000-7f16ccb86000 ---p 00000000 00:00 0 
7f16ccb86000-7f16ccc83000 rw-p 00000000 00:00 0 
7f16ccc83000-7f16ccc87000 ---p 00000000 00:00 0 
7f16ccc87000-7f16ccd84000 rw-p 00000000 00:00 0 
7f16ccd84000-7f16ccd88000 ---p 00000000 00:00 0 
7f16ccd88000-7f16cce85000 rw-p 00000000 00:00 0 
7f16cce85000-7f16cce89000 ---p 00000000 00:00 0 
7f16cce89000-7f16ccf86000 rw-p 00000000 00:00 0 
7f16ccf86000-7f16ccf8a000 ---p 00000000 00:00 0 
7f16ccf8a000-7f16cd087000 rw-p 00000000 00:00 0 
7f16cd087000-7f16cd365000 r--p 00000000 08:01 131073                     /usr/lib/locale/locale-archive
7f16cd365000-7f16cd369000 ---p 00000000 00:00 0 
7f16cd369000-7f16cd466000 rw-p 00000000 00:00 0 
7f16cd466000-7f16cd46a000 ---p 00000000 00:00 0 
7f16cd46a000-7f16cd567000 rw-p 00000000 00:00 0 
7f16cd567000-7f16cd568000 ---p 00000000 00:00 0 
7f16cd568000-7f16cdeea000 rw-p 00000000 00:00 0 
7f16cdeea000-7f16ce038000 rw-p 00000000 00:00 0 
7f16ce038000-7f16ce195000 ---p 00000000 00:00 0 
7f16ce195000-7f16ce23b000 rw-p 00000000 00:00 0 
7f16ce23b000-7f16ce2ea000 ---p 00000000 00:00 0 
7f16ce2ea000-7f16ce438000 rw-p 00000000 00:00 0 
7f16ce438000-7f16ce595000 ---p 00000000 00:00 0 
7f16ce595000-7f16ce5a0000 rw-p 00000000 00:00 0 
7f16ce5a0000-7f16ce681000 ---p 00000000 00:00 0 
7f16ce681000-7f16ce6a1000 rw-p 00000000 00:00 0 
7f16ce6a1000-7f16ce76c000 ---p 00000000 00:00 0 
7f16ce76c000-7f16ce771000 r-xp 00000000 08:01 1059320                    /usr/lib/jvm/java-11-openjdk-amd64/lib/libjimage.so
7f16ce771000-7f16ce970000 ---p 00005000 08:01 1059320                    /usr/lib/jvm/java-11-openjdk-amd64/lib/libjimage.so
7f16ce970000-7f16ce971000 r--p 00004000 08:01 1059320                    /usr/lib/jvm/java-11-openjdk-amd64/lib/libjimage.so
7f16ce971000-7f16ce972000 rw-p 00005000 08:01 1059320                    /usr/lib/jvm/java-11-openjdk-amd64/lib/libjimage.so
7f16ce972000-7f16ce979000 r-xp 00000000 08:01 1059337                    /usr/lib/jvm/java-11-openjdk-amd64/lib/libzip.so
7f16ce979000-7f16ceb78000 ---p 00007000 08:01 1059337                    /usr/lib/jvm/java-11-openjdk-amd64/lib/libzip.so
7f16ceb78000-7f16ceb79000 r--p 00006000 08:01 1059337                    /usr/lib/jvm/java-11-openjdk-amd64/lib/libzip.so
7f16ceb79000-7f16ceb7a000 rw-p 00007000 08:01 1059337                    /usr/lib/jvm/java-11-openjdk-amd64/lib/libzip.so
7f16ceb7a000-7f16ceb85000 r-xp 00000000 08:01 1179683                    /lib/x86_64-linux-gnu/libnss_files-2.27.so
7f16ceb85000-7f16ced84000 ---p 0000b000 08:01 1179683                    /lib/x86_64-linux-gnu/libnss_files-2.27.so
7f16ced84000-7f16ced85000 r--p 0000a000 08:01 1179683                    /lib/x86_64-linux-gnu/libnss_files-2.27.so
7f16ced85000-7f16ced86000 rw-p 0000b000 08:01 1179683                    /lib/x86_64-linux-gnu/libnss_files-2.27.so
7f16ced86000-7f16ced8c000 rw-p 00000000 00:00 0 
7f16ced8c000-7f16ceda3000 r-xp 00000000 08:01 1179680                    /lib/x86_64-linux-gnu/libnsl-2.27.so
7f16ceda3000-7f16cefa2000 ---p 00017000 08:01 1179680                    /lib/x86_64-linux-gnu/libnsl-2.27.so
7f16cefa2000-7f16cefa3000 r--p 00016000 08:01 1179680                    /lib/x86_64-linux-gnu/libnsl-2.27.so
7f16cefa3000-7f16cefa4000 rw-p 00017000 08:01 1179680                    /lib/x86_64-linux-gnu/libnsl-2.27.so
7f16cefa4000-7f16cefa6000 rw-p 00000000 00:00 0 
7f16cefa6000-7f16cefb1000 r-xp 00000000 08:01 1179685                    /lib/x86_64-linux-gnu/libnss_nis-2.27.so
7f16cefb1000-7f16cf1b0000 ---p 0000b000 08:01 1179685                    /lib/x86_64-linux-gnu/libnss_nis-2.27.so
7f16cf1b0000-7f16cf1b1000 r--p 0000a000 08:01 1179685                    /lib/x86_64-linux-gnu/libnss_nis-2.27.so
7f16cf1b1000-7f16cf1b2000 rw-p 0000b000 08:01 1179685                    /lib/x86_64-linux-gnu/libnss_nis-2.27.so
7f16cf1b2000-7f16cf1ba000 r-xp 00000000 08:01 1179681                    /lib/x86_64-linux-gnu/libnss_compat-2.27.so
7f16cf1ba000-7f16cf3ba000 ---p 00008000 08:01 1179681                    /lib/x86_64-linux-gnu/libnss_compat-2.27.so
7f16cf3ba000-7f16cf3bb000 r--p 00008000 08:01 1179681                    /lib/x86_64-linux-gnu/libnss_compat-2.27.so
7f16cf3bb000-7f16cf3bc000 rw-p 00009000 08:01 1179681                    /lib/x86_64-linux-gnu/libnss_compat-2.27.so
7f16cf3bc000-7f16cf3e5000 r-xp 00000000 08:01 1059316                    /usr/lib/jvm/java-11-openjdk-amd64/lib/libjava.so
7f16cf3e5000-7f16cf5e4000 ---p 00029000 08:01 1059316                    /usr/lib/jvm/java-11-openjdk-amd64/lib/libjava.so
7f16cf5e4000-7f16cf5e5000 r--p 00028000 08:01 1059316                    /usr/lib/jvm/java-11-openjdk-amd64/lib/libjava.so
7f16cf5e5000-7f16cf5e7000 rw-p 00029000 08:01 1059316                    /usr/lib/jvm/java-11-openjdk-amd64/lib/libjava.so
7f16cf5e7000-7f16cf5f4000 r-xp 00000000 08:01 1059336                    /usr/lib/jvm/java-11-openjdk-amd64/lib/libverify.so
7f16cf5f4000-7f16cf7f3000 ---p 0000d000 08:01 1059336                    /usr/lib/jvm/java-11-openjdk-amd64/lib/libverify.so
7f16cf7f3000-7f16cf7f5000 r--p 0000c000 08:01 1059336                    /usr/lib/jvm/java-11-openjdk-amd64/lib/libverify.so
7f16cf7f5000-7f16cf7f6000 rw-p 0000e000 08:01 1059336                    /usr/lib/jvm/java-11-openjdk-amd64/lib/libverify.so
7f16cf7f6000-7f16cf7fd000 r-xp 00000000 08:01 1179690                    /lib/x86_64-linux-gnu/librt-2.27.so
7f16cf7fd000-7f16cf9fc000 ---p 00007000 08:01 1179690                    /lib/x86_64-linux-gnu/librt-2.27.so
7f16cf9fc000-7f16cf9fd000 r--p 00006000 08:01 1179690                    /lib/x86_64-linux-gnu/librt-2.27.so
7f16cf9fd000-7f16cf9fe000 rw-p 00007000 08:01 1179690                    /lib/x86_64-linux-gnu/librt-2.27.so
7f16cf9fe000-7f16cfa15000 r-xp 00000000 08:01 1179663                    /lib/x86_64-linux-gnu/libgcc_s.so.1
7f16cfa15000-7f16cfc14000 ---p 00017000 08:01 1179663                    /lib/x86_64-linux-gnu/libgcc_s.so.1
7f16cfc14000-7f16cfc15000 r--p 00016000 08:01 1179663                    /lib/x86_64-linux-gnu/libgcc_s.so.1
7f16cfc15000-7f16cfc16000 rw-p 00017000 08:01 1179663                    /lib/x86_64-linux-gnu/libgcc_s.so.1
7f16cfc16000-7f16cfdb3000 r-xp 00000000 08:01 1179677                    /lib/x86_64-linux-gnu/libm-2.27.so
7f16cfdb3000-7f16cffb2000 ---p 0019d000 08:01 1179677                    /lib/x86_64-linux-gnu/libm-2.27.so
7f16cffb2000-7f16cffb3000 r--p 0019c000 08:01 1179677                    /lib/x86_64-linux-gnu/libm-2.27.so
7f16cffb3000-7f16cffb4000 rw-p 0019d000 08:01 1179677                    /lib/x86_64-linux-gnu/libm-2.27.so
7f16cffb4000-7f16d012d000 r-xp 00000000 08:01 131689                     /usr/lib/x86_64-linux-gnu/libstdc++.so.6.0.25
7f16d012d000-7f16d032d000 ---p 00179000 08:01 131689                     /usr/lib/x86_64-linux-gnu/libstdc++.so.6.0.25
7f16d032d000-7f16d0337000 r--p 00179000 08:01 131689                     /usr/lib/x86_64-linux-gnu/libstdc++.so.6.0.25
7f16d0337000-7f16d0339000 rw-p 00183000 08:01 131689                     /usr/lib/x86_64-linux-gnu/libstdc++.so.6.0.25
7f16d0339000-7f16d033d000 rw-p 00000000 00:00 0 
7f16d033d000-7f16d1411000 r-xp 00000000 08:01 1059343                    /usr/lib/jvm/java-11-openjdk-amd64/lib/server/libjvm.so
7f16d1411000-7f16d1611000 ---p 010d4000 08:01 1059343                    /usr/lib/jvm/java-11-openjdk-amd64/lib/server/libjvm.so
7f16d1611000-7f16d16ce000 r--p 010d4000 08:01 1059343                    /usr/lib/jvm/java-11-openjdk-amd64/lib/server/libjvm.so
7f16d16ce000-7f16d1707000 rw-p 01191000 08:01 1059343                    /usr/lib/jvm/java-11-openjdk-amd64/lib/server/libjvm.so
7f16d1707000-7f16d175e000 rw-p 00000000 00:00 0 
7f16d175e000-7f16d1778000 r-xp 00000000 08:01 1179688                    /lib/x86_64-linux-gnu/libpthread-2.27.so
7f16d1778000-7f16d1977000 ---p 0001a000 08:01 1179688                    /lib/x86_64-linux-gnu/libpthread-2.27.so
7f16d1977000-7f16d1978000 r--p 00019000 08:01 1179688                    /lib/x86_64-linux-gnu/libpthread-2.27.so
7f16d1978000-7f16d1979000 rw-p 0001a000 08:01 1179688                    /lib/x86_64-linux-gnu/libpthread-2.27.so
7f16d1979000-7f16d197d000 rw-p 00000000 00:00 0 
7f16d197d000-7f16d1980000 r-xp 00000000 08:01 1179676                    /lib/x86_64-linux-gnu/libdl-2.27.so
7f16d1980000-7f16d1b7f000 ---p 00003000 08:01 1179676                    /lib/x86_64-linux-gnu/libdl-2.27.so
7f16d1b7f000-7f16d1b80000 r--p 00002000 08:01 1179676                    /lib/x86_64-linux-gnu/libdl-2.27.so
7f16d1b80000-7f16d1b81000 rw-p 00003000 08:01 1179676                    /lib/x86_64-linux-gnu/libdl-2.27.so
7f16d1b81000-7f16d1b9d000 r-xp 00000000 08:01 1179816                    /lib/x86_64-linux-gnu/libz.so.1.2.11
7f16d1b9d000-7f16d1d9c000 ---p 0001c000 08:01 1179816                    /lib/x86_64-linux-gnu/libz.so.1.2.11
7f16d1d9c000-7f16d1d9d000 r--p 0001b000 08:01 1179816                    /lib/x86_64-linux-gnu/libz.so.1.2.11
7f16d1d9d000-7f16d1d9e000 rw-p 0001c000 08:01 1179816                    /lib/x86_64-linux-gnu/libz.so.1.2.11
7f16d1d9e000-7f16d1f85000 r-xp 00000000 08:01 1179673                    /lib/x86_64-linux-gnu/libc-2.27.so
7f16d1f85000-7f16d2185000 ---p 001e7000 08:01 1179673                    /lib/x86_64-linux-gnu/libc-2.27.so
7f16d2185000-7f16d2189000 r--p 001e7000 08:01 1179673                    /lib/x86_64-linux-gnu/libc-2.27.so
7f16d2189000-7f16d218b000 rw-p 001eb000 08:01 1179673                    /lib/x86_64-linux-gnu/libc-2.27.so
7f16d218b000-7f16d218f000 rw-p 00000000 00:00 0 
7f16d218f000-7f16d219f000 r-xp 00000000 08:01 1059300                    /usr/lib/jvm/java-11-openjdk-amd64/lib/jli/libjli.so
7f16d219f000-7f16d239e000 ---p 00010000 08:01 1059300                    /usr/lib/jvm/java-11-openjdk-amd64/lib/jli/libjli.so
7f16d239e000-7f16d239f000 r--p 0000f000 08:01 1059300                    /usr/lib/jvm/java-11-openjdk-amd64/lib/jli/libjli.so
7f16d239f000-7f16d23a0000 rw-p 00010000 08:01 1059300                    /usr/lib/jvm/java-11-openjdk-amd64/lib/jli/libjli.so
7f16d23a0000-7f16d23c7000 r-xp 00000000 08:01 1179664                    /lib/x86_64-linux-gnu/ld-2.27.so
7f16d23e6000-7f16d24ab000 rw-p 00000000 00:00 0 
7f16d24ab000-7f16d24af000 ---p 00000000 00:00 0 
7f16d24af000-7f16d25ae000 rw-p 00000000 00:00 0 
7f16d25af000-7f16d25b4000 rw-p 00000000 00:00 0 
7f16d25b4000-7f16d25bb000 ---p 00000000 00:00 0 
7f16d25bb000-7f16d25c3000 rw-s 00000000 08:01 669035                     /tmp/hsperfdata_cis455/28181
7f16d25c3000-7f16d25c4000 ---p 00000000 00:00 0 
7f16d25c4000-7f16d25c5000 r--p 00000000 00:00 0 
7f16d25c5000-7f16d25c7000 rw-p 00000000 00:00 0 
7f16d25c7000-7f16d25c8000 r--p 00027000 08:01 1179664                    /lib/x86_64-linux-gnu/ld-2.27.so
7f16d25c8000-7f16d25c9000 rw-p 00028000 08:01 1179664                    /lib/x86_64-linux-gnu/ld-2.27.so
7f16d25c9000-7f16d25ca000 rw-p 00000000 00:00 0 
7ffd5b10d000-7ffd5b12e000 rw-p 00000000 00:00 0                          [stack]
7ffd5b137000-7ffd5b13a000 r--p 00000000 00:00 0                          [vvar]
7ffd5b13a000-7ffd5b13c000 r-xp 00000000 00:00 0                          [vdso]
ffffffffff600000-ffffffffff601000 r-xp 00000000 00:00 0                  [vsyscall]


VM Arguments:
jvm_args: -Dclassworlds.conf=/usr/share/maven/bin/m2.conf -Dmaven.home=/usr/share/maven -Dlibrary.jansi.path=/usr/share/maven/lib/jansi-native -Dmaven.multiModuleProjectDirectory=/home/cis455/git/G13/Crawler -Xmx2048m 
java_command: org.codehaus.plexus.classworlds.launcher.Launcher exec:java@Crawler -Dexec.args=https://www.cnn.com/  /home/cis455/git/G13/Crawler/berkeleydb2 10 10000
java_class_path (initial): /usr/share/maven/boot/plexus-classworlds-2.x.jar
Launcher Type: SUN_STANDARD

[Global flags]
     intx CICompilerCount                          = 2                                         {product} {ergonomic}
   size_t InitialHeapSize                          = 50331648                                  {product} {ergonomic}
   size_t MaxHeapSize                              = 2147483648                                {product} {command line}
   size_t MaxNewSize                               = 715784192                                 {product} {ergonomic}
   size_t MinHeapDeltaBytes                        = 196608                                    {product} {ergonomic}
   size_t NewSize                                  = 16777216                                  {product} {ergonomic}
    uintx NonNMethodCodeHeapSize                   = 5825164                                {pd product} {ergonomic}
    uintx NonProfiledCodeHeapSize                  = 122916538                              {pd product} {ergonomic}
   size_t OldSize                                  = 33554432                                  {product} {ergonomic}
    uintx ProfiledCodeHeapSize                     = 122916538                              {pd product} {ergonomic}
    uintx ReservedCodeCacheSize                    = 251658240                              {pd product} {ergonomic}
     bool SegmentedCodeCache                       = true                                      {product} {ergonomic}
     bool UseCompressedClassPointers               = true                                 {lp64_product} {ergonomic}
     bool UseCompressedOops                        = true                                 {lp64_product} {ergonomic}
     bool UseSerialGC                              = true                                      {product} {ergonomic}

Logging:
Log output configuration:
 #0: stdout all=warning uptime,level,tags
 #1: stderr all=off uptime,level,tags

Environment Variables:
JAVA_HOME=/usr/
_JAVA_OPTIONS=-Xmx2048m
PATH=/usr/local/sbin:/usr/local/bin:/usr/sbin:/usr/bin:/sbin:/bin:/usr/games:/usr/local/games:/snap/bin:/usr/local/hadoop/bin
SHELL=/bin/bash
DISPLAY=:0.0

Signal Handlers:
SIGSEGV: [libjvm.so+0xdeda70], sa_mask[0]=11111111011111111101111111111110, sa_flags=SA_RESTART|SA_SIGINFO
SIGBUS: [libjvm.so+0xdeda70], sa_mask[0]=11111111011111111101111111111110, sa_flags=SA_RESTART|SA_SIGINFO
SIGFPE: [libjvm.so+0xdeda70], sa_mask[0]=11111111011111111101111111111110, sa_flags=SA_RESTART|SA_SIGINFO
SIGPIPE: [libjvm.so+0xbc3040], sa_mask[0]=11111111011111111101111111111110, sa_flags=SA_RESTART|SA_SIGINFO
SIGXFSZ: [libjvm.so+0xbc3040], sa_mask[0]=11111111011111111101111111111110, sa_flags=SA_RESTART|SA_SIGINFO
SIGILL: [libjvm.so+0xdeda70], sa_mask[0]=11111111011111111101111111111110, sa_flags=SA_RESTART|SA_SIGINFO
SIGUSR2: [libjvm.so+0xbc2ee0], sa_mask[0]=00000000000000000000000000000000, sa_flags=SA_RESTART|SA_SIGINFO
SIGHUP: [libjvm.so+0xbc3240], sa_mask[0]=11111111011111111101111111111110, sa_flags=SA_RESTART|SA_SIGINFO
SIGINT: [libjvm.so+0xbc3240], sa_mask[0]=11111111011111111101111111111110, sa_flags=SA_RESTART|SA_SIGINFO
SIGTERM: [libjvm.so+0xbc3240], sa_mask[0]=11111111011111111101111111111110, sa_flags=SA_RESTART|SA_SIGINFO
SIGQUIT: [libjvm.so+0xbc3240], sa_mask[0]=11111111011111111101111111111110, sa_flags=SA_RESTART|SA_SIGINFO


---------------  S Y S T E M  ---------------

OS:DISTRIB_ID=Ubuntu
DISTRIB_RELEASE=18.04
DISTRIB_CODENAME=bionic
DISTRIB_DESCRIPTION="Ubuntu 18.04.3 LTS"
uname:Linux 4.15.0-74-generic #84-Ubuntu SMP Thu Dec 19 08:06:28 UTC 2019 x86_64
libc:glibc 2.27 NPTL 2.27 
rlimit: STACK 8192k, CORE 0k, NPROC 12037, NOFILE 1048576, AS infinity, DATA infinity, FSIZE infinity
load average:9.50 8.07 5.42

/proc/meminfo:
MemTotal:        3126448 kB
MemFree:           70520 kB
MemAvailable:      50444 kB
Buffers:            1976 kB
Cached:            93224 kB
SwapCached:        14216 kB
Active:          2283180 kB
Inactive:         627744 kB
Active(anon):    2254332 kB
Inactive(anon):   563620 kB
Active(file):      28848 kB
Inactive(file):    64124 kB
Unevictable:         192 kB
Mlocked:             192 kB
SwapTotal:        969960 kB
SwapFree:         142824 kB
Dirty:               332 kB
Writeback:          4108 kB
AnonPages:       2808320 kB
Mapped:            50436 kB
Shmem:              2184 kB
Slab:              52932 kB
SReclaimable:      25892 kB
SUnreclaim:        27040 kB
KernelStack:        8464 kB
PageTables:        40588 kB
NFS_Unstable:          0 kB
Bounce:                0 kB
WritebackTmp:          0 kB
CommitLimit:     2533184 kB
Committed_AS:    6838824 kB
VmallocTotal:   34359738367 kB
VmallocUsed:           0 kB
VmallocChunk:          0 kB
HardwareCorrupted:     0 kB
AnonHugePages:         0 kB
ShmemHugePages:        0 kB
ShmemPmdMapped:        0 kB
CmaTotal:              0 kB
CmaFree:               0 kB
HugePages_Total:       0
HugePages_Free:        0
HugePages_Rsvd:        0
HugePages_Surp:        0
Hugepagesize:       2048 kB
DirectMap4k:      131008 kB
DirectMap2M:     3069952 kB


/proc/sys/kernel/threads-max (system-wide limit on the number of threads):
24074


/proc/sys/vm/max_map_count (maximum number of memory map areas a process may have):
65530


/proc/sys/kernel/pid_max (system-wide limit on number of process identifiers):
32768



container (cgroup) information:
container_type: cgroupv1
cpu_cpuset_cpus: 0
cpu_memory_nodes: 0
active_processor_count: 1
cpu_quota: -1
cpu_period: 100000
cpu_shares: -1
memory_limit_in_bytes: -1
memory_and_swap_limit_in_bytes: -2
memory_soft_limit_in_bytes: -1
memory_usage_in_bytes: 2980818944
memory_max_usage_in_bytes: 0

KVM virtualization detected
Steal ticks since vm start: 0
Steal ticks percentage since vm start:  0.000

CPU:total 1 (initial active 1) (1 cores per cpu, 1 threads per core) family 6 model 61 stepping 4, cmov, cx8, fxsr, mmx, sse, sse2, sse3, ssse3, sse4.1, sse4.2, popcnt, avx, avx2, aes, clmul, 3dnowpref, lzcnt, tsc, tscinvbit
CPU Model and flags from /proc/cpuinfo:
model name	: Intel(R) Core(TM) i5-5257U CPU @ 2.70GHz
flags		: fpu vme de pse tsc msr pae mce cx8 apic sep mtrr pge mca cmov pat pse36 clflush mmx fxsr sse sse2 ht syscall nx rdtscp lm constant_tsc rep_good nopl xtopology nonstop_tsc cpuid tsc_known_freq pni pclmulqdq monitor ssse3 cx16 pcid sse4_1 sse4_2 x2apic movbe popcnt aes xsave avx rdrand hypervisor lahf_lm abm 3dnowprefetch invpcid_single pti fsgsbase avx2 invpcid rdseed md_clear flush_l1d

Memory: 4k page, physical 3126448k(70520k free), swap 969960k(142824k free)

vm_info: OpenJDK 64-Bit Server VM (11.0.5+10-post-Ubuntu-0ubuntu1.118.04) for linux-amd64 JRE (11.0.5+10-post-Ubuntu-0ubuntu1.118.04), built on Oct 16 2019 22:01:07 by "buildd" with gcc 7.4.0

END.
